Copying from /home/irpagnossin/Documents/CEPA/repositories/AI/AI-0122 to cepa@arquivos.atp.usp.br:/work/PUBLICACAO/atividades-interativas/AI-0122
building file list ... done
created directory /work/PUBLICACAO/atividades-interativas/AI-0122
./
AI-0122_PIF.zip
index.html
css/
css/ai.css
css/sidebar.css
css/smoothness/
css/smoothness/jquery-ui-1.8.13.custom.css
css/smoothness/images/
css/smoothness/images/ui-bg_flat_0_aaaaaa_40x100.png
css/smoothness/images/ui-bg_flat_75_ffffff_40x100.png
css/smoothness/images/ui-bg_glass_55_fbf9ee_1x400.png
css/smoothness/images/ui-bg_glass_65_ffffff_1x400.png
css/smoothness/images/ui-bg_glass_75_dadada_1x400.png
css/smoothness/images/ui-bg_glass_75_e6e6e6_1x400.png
css/smoothness/images/ui-bg_glass_95_fef1ec_1x400.png
css/smoothness/images/ui-bg_highlight-soft_75_cccccc_1x100.png
css/smoothness/images/ui-icons_222222_256x240.png
css/smoothness/images/ui-icons_2e83ff_256x240.png
css/smoothness/images/ui-icons_454545_256x240.png
css/smoothness/images/ui-icons_888888_256x240.png
css/smoothness/images/ui-icons_cd0a0a_256x240.png
images/
images/bar-left-green.png
images/bar-right-green.png
images/img01.png
images/img02.png
images/img03.png
images/img04.png
images/img05.png
images/img06.png
images/img07.png
images/img08.png
images/img09.png
images/img10.png
images/img11.png
images/img12.png
images/img13.png
images/img14.png
images/img15.png
images/img16.png
images/img17.png
images/img18.png
images/img19.png
images/img20.png
images/img21.png
images/img22.png
images/img23.png
images/img24.png
images/img25.png
images/img26.png
images/img27.png
images/img28.png
images/img29.png
images/img30.png
images/img31.png
images/img32.png
images/img33.png
images/img34.png
images/img35.png
images/img36.png
images/img37.png
images/img38.png
images/img39.png
images/img40.png
images/img41.png
images/img42.png
images/img43.png
images/img44.png
images/img45.png
images/img46.png
images/img47.png
images/img48.png
images/img49.png
images/img50.png
images/img51.png
images/img52.png
js/
js/ai.js
js/dialog_custom.js
js/frame_transition.js
js/hooks.js
js/jquery-1.4.2.min.js
js/jquery-swfobject.min.js
js/jquery-ui-1.8.13.custom.min.js
js/jquery.dialogextend.js
js/scorm_wrapper.min.js
swf/
swf/AI-0121.swf
swf/expressInstall.swf

sent 596051 bytes  received 1610 bytes  398440.67 bytes/sec
total size is 590841  speedup is 0.99
